Flow report for Capstone_v5
Sat Jun 26 11:18:06 2021
Quartus Prime Version 18.1.0 Build 625 09/12/2018 SJ Lite Edition


---------------------
; Table of Contents ;
---------------------
  1. Legal Notice
  2. Flow Summary
  3. Flow Settings
  4. Flow Non-Default Global Settings
  5. Flow Elapsed Time
  6. Flow OS Summary
  7. Flow Log
  8. Flow Messages
  9. Flow Suppressed Messages



----------------
; Legal Notice ;
----------------
Copyright (C) 2018  Intel Corporation. All rights reserved.
Your use of Intel Corporation's design tools, logic functions 
and other software and tools, and its AMPP partner logic 
functions, and any output files from any of the foregoing 
(including device programming or simulation files), and any 
associated documentation or information are expressly subject 
to the terms and conditions of the Intel Program License 
Subscription Agreement, the Intel Quartus Prime License Agreement,
the Intel FPGA IP License Agreement, or other applicable license
agreement, including, without limitation, that your use is for
the sole purpose of programming logic devices manufactured by
Intel and sold by Intel or its authorized distributors.  Please
refer to the applicable agreement for further details.



+-------------------------------------------------------------------------------+
; Flow Summary                                                                  ;
+---------------------------------+---------------------------------------------+
; Flow Status                     ; Successful - Sat Jun 26 11:18:06 2021       ;
; Quartus Prime Version           ; 18.1.0 Build 625 09/12/2018 SJ Lite Edition ;
; Revision Name                   ; Capstone_v5                                 ;
; Top-level Entity Name           ; Capstone_v5                                 ;
; Family                          ; Cyclone V                                   ;
; Device                          ; 5CSXFC6D6F31C6                              ;
; Timing Models                   ; Final                                       ;
; Logic utilization (in ALMs)     ; 928 / 41,910 ( 2 % )                        ;
; Total registers                 ; 0                                           ;
; Total pins                      ; 99 / 499 ( 20 % )                           ;
; Total virtual pins              ; 0                                           ;
; Total block memory bits         ; 0 / 5,662,720 ( 0 % )                       ;
; Total DSP Blocks                ; 0 / 112 ( 0 % )                             ;
; Total HSSI RX PCSs              ; 0 / 9 ( 0 % )                               ;
; Total HSSI PMA RX Deserializers ; 0 / 9 ( 0 % )                               ;
; Total HSSI TX PCSs              ; 0 / 9 ( 0 % )                               ;
; Total HSSI PMA TX Serializers   ; 0 / 9 ( 0 % )                               ;
; Total PLLs                      ; 0 / 15 ( 0 % )                              ;
; Total DLLs                      ; 0 / 4 ( 0 % )                               ;
+---------------------------------+---------------------------------------------+


+-----------------------------------------+
; Flow Settings                           ;
+-------------------+---------------------+
; Option            ; Setting             ;
+-------------------+---------------------+
; Start date & time ; 06/26/2021 11:10:28 ;
; Main task         ; Compilation         ;
; Revision Name     ; Capstone_v5         ;
+-------------------+---------------------+


+--------------------------------------------------------------------------------------------------------------------------+
; Flow Non-Default Global Settings                                                                                         ;
+--------------------------------------+----------------------------------------+---------------+-------------+------------+
; Assignment Name                      ; Value                                  ; Default Value ; Entity Name ; Section Id ;
+--------------------------------------+----------------------------------------+---------------+-------------+------------+
; COMPILER_SIGNATURE_ID                ; 93180994072408.162468062817672         ; --            ; --          ; --         ;
; FITTER_EFFORT                        ; Standard Fit                           ; Auto Fit      ; --          ; --         ;
; MAX_CORE_JUNCTION_TEMP               ; 85                                     ; --            ; --          ; --         ;
; MIN_CORE_JUNCTION_TEMP               ; 0                                      ; --            ; --          ; --         ;
; MUX_RESTRUCTURE                      ; Off                                    ; Auto          ; --          ; --         ;
; OPTIMIZATION_MODE                    ; Aggressive Performance                 ; Balanced      ; --          ; --         ;
; OPTIMIZATION_TECHNIQUE               ; Speed                                  ; Balanced      ; --          ; --         ;
; PARTITION_COLOR                      ; -- (Not supported for targeted family) ; --            ; --          ; Top        ;
; PARTITION_FITTER_PRESERVATION_LEVEL  ; -- (Not supported for targeted family) ; --            ; --          ; Top        ;
; PARTITION_NETLIST_TYPE               ; -- (Not supported for targeted family) ; --            ; --          ; Top        ;
; PHYSICAL_SYNTHESIS_COMBO_LOGIC       ; On                                     ; Off           ; --          ; --         ;
; PHYSICAL_SYNTHESIS_REGISTER_RETIMING ; On                                     ; Off           ; --          ; --         ;
; PLACEMENT_EFFORT_MULTIPLIER          ; 4.0                                    ; 1.0           ; --          ; --         ;
; POWER_BOARD_THERMAL_MODEL            ; None (CONSERVATIVE)                    ; --            ; --          ; --         ;
; POWER_PRESET_COOLING_SOLUTION        ; 23 MM HEAT SINK WITH 200 LFPM AIRFLOW  ; --            ; --          ; --         ;
; ROUTER_TIMING_OPTIMIZATION_LEVEL     ; MAXIMUM                                ; Normal        ; --          ; --         ;
+--------------------------------------+----------------------------------------+---------------+-------------+------------+


+--------------------------------------------------------------------------------------------------------------------------+
; Flow Elapsed Time                                                                                                        ;
+----------------------+--------------+-------------------------+---------------------+------------------------------------+
; Module Name          ; Elapsed Time ; Average Processors Used ; Peak Virtual Memory ; Total CPU Time (on all processors) ;
+----------------------+--------------+-------------------------+---------------------+------------------------------------+
; Analysis & Synthesis ; 00:00:22     ; 1.0                     ; 4858 MB             ; 00:00:30                           ;
; Fitter               ; 00:01:20     ; 1.0                     ; 6607 MB             ; 00:02:02                           ;
; Assembler            ; 00:00:15     ; 1.0                     ; 4840 MB             ; 00:00:07                           ;
; Timing Analyzer      ; 00:00:12     ; 1.4                     ; 5141 MB             ; 00:00:09                           ;
; EDA Netlist Writer   ; 00:00:02     ; 1.0                     ; 4716 MB             ; 00:00:01                           ;
; EDA Netlist Writer   ; 00:00:02     ; 1.0                     ; 4729 MB             ; 00:00:02                           ;
; EDA Netlist Writer   ; 00:00:02     ; 1.0                     ; 4716 MB             ; 00:00:01                           ;
; EDA Netlist Writer   ; 00:00:02     ; 1.0                     ; 4729 MB             ; 00:00:02                           ;
; Total                ; 00:02:17     ; --                      ; --                  ; 00:02:54                           ;
+----------------------+--------------+-------------------------+---------------------+------------------------------------+


+------------------------------------------------------------------------------------+
; Flow OS Summary                                                                    ;
+----------------------+------------------+------------+------------+----------------+
; Module Name          ; Machine Hostname ; OS Name    ; OS Version ; Processor type ;
+----------------------+------------------+------------+------------+----------------+
; Analysis & Synthesis ; DESKTOP-8AQH74V  ; Windows 10 ; 10.0       ; x86_64         ;
; Fitter               ; DESKTOP-8AQH74V  ; Windows 10 ; 10.0       ; x86_64         ;
; Assembler            ; DESKTOP-8AQH74V  ; Windows 10 ; 10.0       ; x86_64         ;
; Timing Analyzer      ; DESKTOP-8AQH74V  ; Windows 10 ; 10.0       ; x86_64         ;
; EDA Netlist Writer   ; DESKTOP-8AQH74V  ; Windows 10 ; 10.0       ; x86_64         ;
; EDA Netlist Writer   ; DESKTOP-8AQH74V  ; Windows 10 ; 10.0       ; x86_64         ;
; EDA Netlist Writer   ; DESKTOP-8AQH74V  ; Windows 10 ; 10.0       ; x86_64         ;
; EDA Netlist Writer   ; DESKTOP-8AQH74V  ; Windows 10 ; 10.0       ; x86_64         ;
+----------------------+------------------+------------+------------+----------------+


------------
; Flow Log ;
------------
quartus_map --read_settings_files=on --write_settings_files=off Capstone_v5 -c Capstone_v5
quartus_fit --read_settings_files=off --write_settings_files=off Capstone_v5 -c Capstone_v5
quartus_asm --read_settings_files=off --write_settings_files=off Capstone_v5 -c Capstone_v5
quartus_sta Capstone_v5 -c Capstone_v5
quartus_eda --gen_testbench --tool=modelsim_oem --format=vhdl --write_settings_files=off Capstone_v5 -c Capstone_v5 --vector_source=F:/FPGA/Capstone/Capstone_v5/Waveform.vwf --testbench_file=F:/FPGA/Capstone/Capstone_v5/simulation/qsim/Waveform.vwf.vht
quartus_eda --write_settings_files=off --simulation=on --functional=on --flatten_buses=off --tool=modelsim_oem --format=vhdl --output_directory=F:/FPGA/Capstone/Capstone_v5/simulation/qsim/ Capstone_v5 -c Capstone_v5
quartus_eda --gen_testbench --tool=modelsim_oem --format=vhdl --write_settings_files=off Capstone_v5 -c Capstone_v5 --vector_source=F:/FPGA/Capstone/Capstone_v5/Waveform.vwf --testbench_file=F:/FPGA/Capstone/Capstone_v5/simulation/qsim/Waveform.vwf.vht
quartus_eda --write_settings_files=off --simulation=on --functional=on --flatten_buses=off --tool=modelsim_oem --format=vhdl --output_directory=F:/FPGA/Capstone/Capstone_v5/simulation/qsim/ Capstone_v5 -c Capstone_v5



